Build started 9/11/2014 1:11:14 PM.
     1>Project "C:\Users\JD\Documents\SD6\Midterm\Midterm Client\Code\Midterm Client.vcxproj" on node 2 (build target(s)).
     1>InitializeBuildStatus:
         Touching "C:\Users\JD\Documents\SD6\Midterm\Midterm Client\Code\..\Temporary\Debug_Midterm Client\Midterm Client.unsuccessfulbuild".
       ClCompile:
         C:\Program Files (x86)\Microsoft Visual Studio 10.0\VC\bin\CL.exe /c /ZI /nologo /W4 /WX- /Od /Oy- /D WIN32 /D _DEBUG /D _WINDOWS /D _UNICODE /D UNICODE /Gm /EHsc /RTC1 /MTd /GS /fp:precise /Zc:wchar_t /Zc:forScope /Fo"C:\Users\JD\Documents\SD6\Midterm\Midterm Client\Code\..\Temporary\Debug_Midterm Client\\" /Fd"C:\Users\JD\Documents\SD6\Midterm\Midterm Client\Code\..\Temporary\Debug_Midterm Client\vc100.pdb" /Gd /TP /analyze- /errorReport:prompt Game\World.cpp
         World.cpp
     1>c:\users\jd\documents\sd6\midterm\midterm client\code\game\world.cpp(54): warning C4100: 'deltaSeconds' : unreferenced formal parameter
     1>c:\users\jd\documents\sd6\midterm\midterm client\code\game\world.cpp(83): warning C4100: 'keyboard' : unreferenced formal parameter
         All outputs are up-to-date.
       ManifestResourceCompile:
         All outputs are up-to-date.
       Link:
         C:\Program Files (x86)\Microsoft Visual Studio 10.0\VC\bin\link.exe /ERRORREPORT:PROMPT /OUT:"C:\Users\JD\Documents\SD6\Midterm\Midterm Client\Code\..\Midterm Client.exe" /INCREMENTAL /NOLOGO kernel32.lib user32.lib gdi32.lib winspool.lib comdlg32.lib advapi32.lib shell32.lib ole32.lib oleaut32.lib uuid.lib odbc32.lib odbccp32.lib /MANIFEST /ManifestFile:"C:\Users\JD\Documents\SD6\Midterm\Midterm Client\Code\..\Temporary\Debug_Midterm Client\Midterm Client.exe.intermediate.manifest" /MANIFESTUAC:"level='asInvoker' uiAccess='false'" /DEBUG /PDB:"C:\Users\JD\Documents\SD6\Midterm\Midterm Client\Midterm Client.pdb" /SUBSYSTEM:WINDOWS /TLBID:1 /DYNAMICBASE /NXCOMPAT /IMPLIB:"C:\Users\JD\Documents\SD6\Midterm\Midterm Client\Code\..\Midterm Client.lib" /MACHINE:X86 "C:\Users\JD\Documents\SD6\Midterm\Midterm Client\Code\..\Temporary\Debug_Midterm Client\Midterm Client.exe.embed.manifest.res"
         "C:\Users\JD\Documents\SD6\Midterm\Midterm Client\Code\..\Temporary\Debug_Midterm Client\Alarm.obj"
         "C:\Users\JD\Documents\SD6\Midterm\Midterm Client\Code\..\Temporary\Debug_Midterm Client\BitmapFont.obj"
         "C:\Users\JD\Documents\SD6\Midterm\Midterm Client\Code\..\Temporary\Debug_Midterm Client\Clock.obj"
         "C:\Users\JD\Documents\SD6\Midterm\Midterm Client\Code\..\Temporary\Debug_Midterm Client\Color.obj"
         "C:\Users\JD\Documents\SD6\Midterm\Midterm Client\Code\..\Temporary\Debug_Midterm Client\ConsoleCommandArgs.obj"
         "C:\Users\JD\Documents\SD6\Midterm\Midterm Client\Code\..\Temporary\Debug_Midterm Client\DebugGraphics.obj"
         "C:\Users\JD\Documents\SD6\Midterm\Midterm Client\Code\..\Temporary\Debug_Midterm Client\DeveloperConsole.obj"
         "C:\Users\JD\Documents\SD6\Midterm\Midterm Client\Code\..\Temporary\Debug_Midterm Client\ErrorWarningAssertions.obj"
         "C:\Users\JD\Documents\SD6\Midterm\Midterm Client\Code\..\Temporary\Debug_Midterm Client\EventSystem.obj"
         "C:\Users\JD\Documents\SD6\Midterm\Midterm Client\Code\..\Temporary\Debug_Midterm Client\Job.obj"
         "C:\Users\JD\Documents\SD6\Midterm\Midterm Client\Code\..\Temporary\Debug_Midterm Client\JobManager.obj"
         "C:\Users\JD\Documents\SD6\Midterm\Midterm Client\Code\..\Temporary\Debug_Midterm Client\Keyboard.obj"
         "C:\Users\JD\Documents\SD6\Midterm\Midterm Client\Code\..\Temporary\Debug_Midterm Client\Material.obj"
         "C:\Users\JD\Documents\SD6\Midterm\Midterm Client\Code\..\Temporary\Debug_Midterm Client\MatrixStack44.obj"
         "C:\Users\JD\Documents\SD6\Midterm\Midterm Client\Code\..\Temporary\Debug_Midterm Client\MemoryManager.obj"
         "C:\Users\JD\Documents\SD6\Midterm\Midterm Client\Code\..\Temporary\Debug_Midterm Client\Mouse.obj"
         "C:\Users\JD\Documents\SD6\Midterm\Midterm Client\Code\..\Temporary\Debug_Midterm Client\NamedProperties.obj"
         "C:\Users\JD\Documents\SD6\Midterm\Midterm Client\Code\..\Temporary\Debug_Midterm Client\NewDeleteFunctions.obj"
         "C:\Users\JD\Documents\SD6\Midterm\Midterm Client\Code\..\Temporary\Debug_Midterm Client\OpenGLRenderer.obj"
         "C:\Users\JD\Documents\SD6\Midterm\Midterm Client\Code\..\Temporary\Debug_Midterm Client\OpenGLShaderProgram.obj"
         "C:\Users\JD\Documents\SD6\Midterm\Midterm Client\Code\..\Temporary\Debug_Midterm Client\ProfileSection.obj"
         "C:\Users\JD\Documents\SD6\Midterm\Midterm Client\Code\..\Temporary\Debug_Midterm Client\pugixml.obj"
         "C:\Users\JD\Documents\SD6\Midterm\Midterm Client\Code\..\Temporary\Debug_Midterm Client\Renderer.obj"
         "C:\Users\JD\Documents\SD6\Midterm\Midterm Client\Code\..\Temporary\Debug_Midterm Client\stb_image.obj"
         "C:\Users\JD\Documents\SD6\Midterm\Midterm Client\Code\..\Temporary\Debug_Midterm Client\StringFunctions.obj"
         "C:\Users\JD\Documents\SD6\Midterm\Midterm Client\Code\..\Temporary\Debug_Midterm Client\Texture.obj"
         "C:\Users\JD\Documents\SD6\Midterm\Midterm Client\Code\..\Temporary\Debug_Midterm Client\Time.obj"
         "C:\Users\JD\Documents\SD6\Midterm\Midterm Client\Code\..\Temporary\Debug_Midterm Client\WorkerThread.obj"
         "C:\Users\JD\Documents\SD6\Midterm\Midterm Client\Code\..\Temporary\Debug_Midterm Client\XboxController.obj"
         "C:\Users\JD\Documents\SD6\Midterm\Midterm Client\Code\..\Temporary\Debug_Midterm Client\XMLDocument.obj"
         "C:\Users\JD\Documents\SD6\Midterm\Midterm Client\Code\..\Temporary\Debug_Midterm Client\XMLNode.obj"
         "C:\Users\JD\Documents\SD6\Midterm\Midterm Client\Code\..\Temporary\Debug_Midterm Client\XMLParsingFunctions.obj"
         "C:\Users\JD\Documents\SD6\Midterm\Midterm Client\Code\..\Temporary\Debug_Midterm Client\Game.obj"
         "C:\Users\JD\Documents\SD6\Midterm\Midterm Client\Code\..\Temporary\Debug_Midterm Client\Main_Win32.obj"
         "C:\Users\JD\Documents\SD6\Midterm\Midterm Client\Code\..\Temporary\Debug_Midterm Client\UDPClient.obj"
         "C:\Users\JD\Documents\SD6\Midterm\Midterm Client\Code\..\Temporary\Debug_Midterm Client\World.obj"
       Manifest:
         C:\Program Files (x86)\Microsoft SDKs\Windows\v7.0A\bin\mt.exe /nologo /verbose /out:"C:\Users\JD\Documents\SD6\Midterm\Midterm Client\Code\..\Temporary\Debug_Midterm Client\Midterm Client.exe.embed.manifest" /manifest "C:\Users\JD\Documents\SD6\Midterm\Midterm Client\Code\..\Temporary\Debug_Midterm Client\Midterm Client.exe.intermediate.manifest"
         All outputs are up-to-date.
       LinkEmbedManifest:
         All outputs are up-to-date.
         Midterm Client.vcxproj -> C:\Users\JD\Documents\SD6\Midterm\Midterm Client\Code\..\Midterm Client.exe
       FinalizeBuildStatus:
         Deleting file "C:\Users\JD\Documents\SD6\Midterm\Midterm Client\Code\..\Temporary\Debug_Midterm Client\Midterm Client.unsuccessfulbuild".
         Touching "C:\Users\JD\Documents\SD6\Midterm\Midterm Client\Code\..\Temporary\Debug_Midterm Client\Midterm Client.lastbuildstate".
     1>Done Building Project "C:\Users\JD\Documents\SD6\Midterm\Midterm Client\Code\Midterm Client.vcxproj" (build target(s)).

Build succeeded.

Time Elapsed 00:00:01.40
