Build started 9/11/2014 1:05:55 PM.
     1>Project "C:\Users\JD\Documents\SD6\Midterm\Midterm Server\Code\Midterm Server.vcxproj" on node 2 (build target(s)).
     1>InitializeBuildStatus:
         Touching "C:\Users\JD\Documents\SD6\Midterm\Midterm Server\Code\..\Temporary\Debug_Midterm Server\Midterm Server.unsuccessfulbuild".
       ClCompile:
         C:\Program Files (x86)\Microsoft Visual Studio 10.0\VC\bin\CL.exe /c /ZI /nologo /W4 /WX- /Od /Oy- /D WIN32 /D _DEBUG /D _CONSOLE /D _UNICODE /D UNICODE /Gm /EHsc /RTC1 /MTd /GS /fp:precise /Zc:wchar_t /Zc:forScope /Fo"C:\Users\JD\Documents\SD6\Midterm\Midterm Server\Code\..\Temporary\Debug_Midterm Server\\" /Fd"C:\Users\JD\Documents\SD6\Midterm\Midterm Server\Code\..\Temporary\Debug_Midterm Server\vc100.pdb" /Gd /TP /analyze- /errorReport:prompt Game\GameServer.cpp
         GameServer.cpp
       ManifestResourceCompile:
         All outputs are up-to-date.
       Link:
         C:\Program Files (x86)\Microsoft Visual Studio 10.0\VC\bin\link.exe /ERRORREPORT:PROMPT /OUT:"C:\Users\JD\Documents\SD6\Midterm\Midterm Server\Code\..\Midterm Server.exe" /INCREMENTAL /NOLOGO kernel32.lib user32.lib gdi32.lib winspool.lib comdlg32.lib advapi32.lib shell32.lib ole32.lib oleaut32.lib uuid.lib odbc32.lib odbccp32.lib /MANIFEST /ManifestFile:"C:\Users\JD\Documents\SD6\Midterm\Midterm Server\Code\..\Temporary\Debug_Midterm Server\Midterm Server.exe.intermediate.manifest" /MANIFESTUAC:"level='asInvoker' uiAccess='false'" /DEBUG /PDB:"C:\Users\JD\Documents\SD6\Midterm\Midterm Server\Midterm Server.pdb" /SUBSYSTEM:CONSOLE /TLBID:1 /DYNAMICBASE /NXCOMPAT /IMPLIB:"C:\Users\JD\Documents\SD6\Midterm\Midterm Server\Code\..\Midterm Server.lib" /MACHINE:X86 "C:\Users\JD\Documents\SD6\Midterm\Midterm Server\Code\..\Temporary\Debug_Midterm Server\Midterm Server.exe.embed.manifest.res"
         "C:\Users\JD\Documents\SD6\Midterm\Midterm Server\Code\..\Temporary\Debug_Midterm Server\Time.obj"
         "C:\Users\JD\Documents\SD6\Midterm\Midterm Server\Code\..\Temporary\Debug_Midterm Server\GameServer.obj"
         "C:\Users\JD\Documents\SD6\Midterm\Midterm Server\Code\..\Temporary\Debug_Midterm Server\main.obj"
         "C:\Users\JD\Documents\SD6\Midterm\Midterm Server\Code\..\Temporary\Debug_Midterm Server\UDPServer.obj"
       Manifest:
         C:\Program Files (x86)\Microsoft SDKs\Windows\v7.0A\bin\mt.exe /nologo /verbose /out:"C:\Users\JD\Documents\SD6\Midterm\Midterm Server\Code\..\Temporary\Debug_Midterm Server\Midterm Server.exe.embed.manifest" /manifest "C:\Users\JD\Documents\SD6\Midterm\Midterm Server\Code\..\Temporary\Debug_Midterm Server\Midterm Server.exe.intermediate.manifest"
         All outputs are up-to-date.
       LinkEmbedManifest:
         All outputs are up-to-date.
         Midterm Server.vcxproj -> C:\Users\JD\Documents\SD6\Midterm\Midterm Server\Code\..\Midterm Server.exe
       FinalizeBuildStatus:
         Deleting file "C:\Users\JD\Documents\SD6\Midterm\Midterm Server\Code\..\Temporary\Debug_Midterm Server\Midterm Server.unsuccessfulbuild".
         Touching "C:\Users\JD\Documents\SD6\Midterm\Midterm Server\Code\..\Temporary\Debug_Midterm Server\Midterm Server.lastbuildstate".
     1>Done Building Project "C:\Users\JD\Documents\SD6\Midterm\Midterm Server\Code\Midterm Server.vcxproj" (build target(s)).

Build succeeded.

Time Elapsed 00:00:01.24
